[debug] [2019-05-01T00:23:33.404Z] ----------------------------------------------------------------------
[debug] [2019-05-01T00:23:33.406Z] Command:       C:\Program Files\nodejs\node.exe C:\Users\anton.doibani\AppData\Roaming\npm\node_modules\firebase-tools\lib\bin\firebase.js init
[debug] [2019-05-01T00:23:33.406Z] CLI Version:   6.5.0
[debug] [2019-05-01T00:23:33.407Z] Platform:      win32
[debug] [2019-05-01T00:23:33.407Z] Node Version:  v10.15.3
[debug] [2019-05-01T00:23:33.408Z] Time:          Wed May 01 2019 03:23:33 GMT+0300 (GMT+03:00)
[debug] [2019-05-01T00:23:33.408Z] ----------------------------------------------------------------------
[debug] 
[debug] [2019-05-01T00:23:33.417Z] > command requires scopes: ["email","openid","https://www.googleapis.com/auth/cloudplatformprojects.readonly","https://www.googleapis.com/auth/firebase","https://www.googleapis.com/auth/cloud-platform"]
[debug] [2019-05-01T00:23:33.418Z] > authorizing via signed-in user
[info] 
     ######## #### ########  ######## ########     ###     ######  ########
     ##        ##  ##     ## ##       ##     ##  ##   ##  ##       ##
     ######    ##  ########  ######   ########  #########  ######  ######
     ##        ##  ##    ##  ##       ##     ## ##     ##       ## ##
     ##       #### ##     ## ######## ########  ##     ##  ######  ########

You're about to initialize a Firebase project in this directory:

  D:\Personal\Licenta\CleverTravel

Before we get started, keep in mind:

  * You are initializing in an existing Firebase project directory

